c[?7l[2J[0mSeaBIOS (version 1.13.0-1ubuntu1)


iPXE (http://ipxe.org) 00:03.0 CA00 PCI2.10 PnP PMM+07F8CA10+07ECCA10 CA00
Press Ctrl-B to configure iPXE (PCI 00:03.0)...                                                                               


Booting from Floppy...
GRUB Loading stage2............[01;01H[2J
    GNU GRUB  version 0.94  (639K lower / 129920K upper memory)[04;02Hâ”Œâ”€â”€â”€â”€â”€â”€â”€â”€â”€â”€â”€â”€â”€â”€â”€â”€â”€â”€â”€â”€â”€â”€â”€â”€â”€â”€â”€â”€â”€â”€â”€â”€â”€â”€â”€â”€â”€â”€â”€â”€â”€â”€â”€â”€â”€â”€â”€â”€â”€â”€â”€â”€â”€â”€â”€â”€â”€â”€â”€â”€â”€â”€â”€â”€â”€â”€â”€â”€â”€â”€â”€â”€â”€â”[05;02Hâ”‚[05;76Hâ”‚[06;02Hâ”‚[06;76Hâ”‚[07;02Hâ”‚[07;76Hâ”‚[08;02Hâ”‚[08;76Hâ”‚[09;02Hâ”‚[09;76Hâ”‚[10;02Hâ”‚[10;76Hâ”‚[11;02Hâ”‚[11;76Hâ”‚[12;02Hâ”‚[12;76Hâ”‚[13;02Hâ”‚[13;76Hâ”‚[14;02Hâ”‚[14;76Hâ”‚[15;02Hâ”‚[15;76Hâ”‚[16;02Hâ”‚[16;76Hâ”‚[17;02Hâ””â”€â”€â”€â”€â”€â”€â”€â”€â”€â”€â”€â”€â”€â”€â”€â”€â”€â”€â”€â”€â”€â”€â”€â”€â”€â”€â”€â”€â”€â”€â”€â”€â”€â”€â”€â”€â”€â”€â”€â”€â”€â”€â”€â”€â”€â”€â”€â”€â”€â”€â”€â”€â”€â”€â”€â”€â”€â”€â”€â”€â”€â”€â”€â”€â”€â”€â”€â”€â”€â”€â”€â”€â”€â”˜
      Use the â†‘ and â†“ keys to select which entry is highlighted.
      Press enter to boot the selected O[19;40H[19;41HS, 'e' to edit the
      commands before booting, or 'c' for a command-line.[05;78H [05;03H[0;30;47m PolyORB Kernel                                                          [06;03H[0m                                                                         [07;03H                                                                         [08;03H                                                                         [09;03H                                                                         [10;03H                                                                         [11;03H                                                                         [12;03H                                                                         [13;03H                                                                         [14;03H                                                                [14;66H[14;67H         [15;03H                                                                         [16;03H                                                                         [16;78H [01;01H[2J  Booting 'PolyORB Kernel'

root   (hd0,0)
 Filesystem type is fat, partition type 0x6
kernel /pok.elf
   [Multiboot-elf, <0x100000:0x27b74:0x0>, shtab=0x128488, entry=0x103031
pok_sched_slots_allocation: 0 
POK kernel initialized
[P1] pok_sem_create return=0, mid=0
[in main] pok_thread_create (read_input) return=0
You can create 4 threads at most.
please choose a char from [0, 1, 2, 3]
get: 2
[P1] pok_thread_create (4) return=0
please choose a char from [0, 1, 2, 3]
job2
get: 1
[P1] pok_thread_create (1) return=0
please choose a char from [0, 1, 2, 3]
job1: I will wait for the semaphores
job2
job2
get: 3
[P1] pok_thread_create (3) return=0
please choose a char from [0, 1, 2, 3]
job3
job2
job3
get: 0
[P1] pok_thread_create (0) return=0
You cannot create any thread now!
job0: I will signal semaphores
job0: pok_sem_signal, ret=0
job1: pok_sem_wait, ret=0
job2
job0: I will signal semaphores
job0: pok_sem_signal, ret=0
job1: pok_sem_wait, ret=0
job0: I will signal semaphores
job0: pok_sem_signal, ret=0
job3
job0: I will signal semaphores
job0: pok_sem_signal, ret=0
job1: I will wait for the semaphores
job1: pok_sem_wait, ret=0
job1: pok_sem_wait, ret=0
job2
job0: I will signal semaphores
job0: pok_sem_signal, ret=0
job0: I will signal semaphores
job0: pok_sem_signal, ret=0
job1: I will wait for the semaphores
job1: pok_sem_wait, ret=0
job1: pok_sem_wait, ret=0
QEMU: Terminated
